C51 COMPILER V9.60.7.0   UART_DRIVER                                                       08/13/2025 06:50:10 PAGE 1   


C51 COMPILER V9.60.7.0, COMPILATION OF MODULE UART_DRIVER
OBJECT MODULE PLACED IN .\Objects\uart_driver.obj
COMPILER INVOKED BY: C:\Keil_v5\C51\BIN\C51.EXE uart_driver.c OPTIMIZE(8,SPEED) BROWSE DEBUG OBJECTEXTEND PRINT(.\Listin
                    -gs\uart_driver.lst) TABS(2) OBJECT(.\Objects\uart_driver.obj)

line level    source

   1          #include "uart_driver.h"
   2          #include "timer.h"
   3          
   4          
   5          // Function to initialize serial port for GSM communication
   6          void UART_init(void) 
   7          {
   8   1          TMOD = 0x20; // Timer 1, Mode 2
   9   1          TH1 = 0xFD;  // 9600 baud rate
  10   1          SCON = 0x50; // Mode 1, enable receiving
  11   1          TR1 = 1;     // Start Timer 1
  12   1      }
  13          
  14          
  15          // Function to send commands to GSM module
  16          void UART_write(unsigned char ch) 
  17          {
  18   1          SBUF = ch;
  19   1          while (TI == 0); // Wait for transmission complete
  20   1          TI = 0;
  21   1      }
  22          
  23          
  24          // Function to read data from GSM module
  25          unsigned char UART_read(void) 
  26          {
  27   1          while (RI == 0); // Wait for recive complete
  28   1          RI = 0;
  29   1          return SBUF;
  30   1      }
  31          
  32          
  33          // Function to send a string (command or data)
  34          void UART_send_string(const char *str) 
  35          {
  36   1          while (*str){
  37   2              UART_write(*str++);
  38   2          }
  39   1      }


MODULE INFORMATION:   STATIC OVERLAYABLE
   CODE SIZE        =     65    ----
   CONSTANT SIZE    =   ----    ----
   XDATA SIZE       =   ----    ----
   PDATA SIZE       =   ----    ----
   DATA SIZE        =   ----       3
   IDATA SIZE       =   ----    ----
   BIT SIZE         =   ----    ----
END OF MODULE INFORMATION.


C51 COMPILATION COMPLETE.  0 WARNING(S),  0 ERROR(S)
