C51 COMPILER V9.60.7.0   MAIN                                                              08/12/2025 08:21:42 PAGE 1   


C51 COMPILER V9.60.7.0, COMPILATION OF MODULE MAIN
OBJECT MODULE PLACED IN .\Objects\main.obj
COMPILER INVOKED BY: C:\Keil_v5\C51\BIN\C51.EXE main.c OPTIMIZE(8,SPEED) BROWSE DEBUG OBJECTEXTEND PRINT(.\Listings\main
                    -.lst) TABS(2) OBJECT(.\Objects\main.obj)

line level    source

   1          /*----- Standard  header file include -----*/
   2          #include <reg51.h>
   3          #include <stdio.h>
   4          
   5          
   6          /*----- Global variables -----*/
   7          sbit LED1 = P0^0;
   8          
   9          
  10          /*----- Function definations -----*/
  11          void delay_ms(unsigned int);
  12          void delay_1ms(void) ;
  13          
  14          
  15          /*----- Start execution -----*/
  16          void main(void)
  17          {
  18   1        P0 = 0x00;
  19   1        while(1)
  20   1        {
  21   2          LED1 = 1;
  22   2          delay_ms(1000);
  23   2          LED1 = 0;
  24   2          delay_ms(1000);
  25   2        }
  26   1      
  27   1      }
  28          
  29          
  30          /*----- Function declaration -----*/
  31          
  32          
  33          // Delay for ms 
  34          void delay_ms(unsigned int ms)
  35          {
  36   1        while(ms--)
  37   1        {
  38   2          delay_1ms();
  39   2        }
  40   1      }
  41          
  42          
  43          void delay_1ms(void) 
  44          {
  45   1        
  46   1          TMOD &= 0xF0;  // Clear lower 4 bits for Timer0 mode
  47   1          TMOD |= 0x01;  // Timer0 mode 1 (16-bit)
  48   1      
  49   1          // For 11.0592 MHz, 1ms = 1000us
  50   1          // Timer counts = 1000us / (1.085us per count) ˜ 921
  51   1          // 65536 - 921 = 64615 = 0xFC67
  52   1      
  53   1          TH0 = 0xFC;
  54   1          TL0 = 0x67;
C51 COMPILER V9.60.7.0   MAIN                                                              08/12/2025 08:21:42 PAGE 2   

  55   1      
  56   1          TR0 = 1;          // Start Timer0
  57   1          while(TF0 == 0);  // Wait for overflow
  58   1          TR0 = 0;          // Stop Timer0
  59   1          TF0 = 0;          // Clear overflow flag
  60   1          
  61   1      }


MODULE INFORMATION:   STATIC OVERLAYABLE
   CODE SIZE        =     68    ----
   CONSTANT SIZE    =   ----    ----
   XDATA SIZE       =   ----    ----
   PDATA SIZE       =   ----    ----
   DATA SIZE        =   ----       2
   IDATA SIZE       =   ----    ----
   BIT SIZE         =   ----    ----
END OF MODULE INFORMATION.


C51 COMPILATION COMPLETE.  0 WARNING(S),  0 ERROR(S)
